Using pre-set license
Built from '2020.3/staging' branch; Version is '2020.3.11f1 (99c7afb366b3) revision 10078127'; Using compiler version '192528614'; Build Type 'Release'
OS: 'Windows 10 Pro; OS build 19042.985; Version 2009; 64bit' Language: 'en' Physical Memory: 16333 MB
BatchMode: 1, IsHumanControllingUs: 0, StartBugReporterOnCrash: 0, Is64bit: 1, IsPro: 0

 COMMAND LINE ARGUMENTS:
C:\Program Files\UnityProjects\2020.3.11f1\Editor\Unity.exe
-adb2
-batchMode
-noUpm
-name
AssetImportWorker0
-projectPath
C:/Users/JVanT/OneDrive/Documents/GitHub/SplitSpaceProject
-logFile
Logs/AssetImportWorker0.log
-srvPort
65524
Successfully changed project path to: C:/Users/JVanT/OneDrive/Documents/GitHub/SplitSpaceProject
C:/Users/JVanT/OneDrive/Documents/GitHub/SplitSpaceProject
Using Asset Import Pipeline V2.
Refreshing native plugins compatible for Editor in 62.47 ms, found 3 plugins.
Preloading 0 native plugins for Editor in 0.00 ms.
Initialize engine version: 2020.3.11f1 (99c7afb366b3)
[Subsystems] Discovering subsystems at path C:/Program Files/UnityProjects/2020.3.11f1/Editor/Data/Resources/UnitySubsystems
[Subsystems] Discovering subsystems at path C:/Users/JVanT/OneDrive/Documents/GitHub/SplitSpaceProject/Assets
GfxDevice: creating device client; threaded=0
Direct3D:
    Version:  Direct3D 11.0 [level 11.1]
    Renderer: NVIDIA GeForce GTX 1660 SUPER (ID=0x21c4)
    Vendor:   
    VRAM:     5991 MB
    Driver:   27.21.14.6647
Shader 'Universal Render Pipeline/Particles/Lit': fallback shader 'Universal Render Pipeline/Particles/SimpleLit' not found
Initialize mono
Mono path[0] = 'C:/Program Files/UnityProjects/2020.3.11f1/Editor/Data/Managed'
Mono path[1] = 'C:/Program Files/UnityProjects/2020.3.11f1/Editor/Data/MonoBleedingEdge/lib/mono/unityjit'
Mono config path = 'C:/Program Files/UnityProjects/2020.3.11f1/Editor/Data/MonoBleedingEdge/etc'
Using monoOptions --debugger-agent=transport=dt_socket,embedding=1,server=y,suspend=n,address=127.0.0.1:56380
Begin MonoManager ReloadAssembly
Registering precompiled unity dll's ...
Register platform support module: C:/Program Files/UnityProjects/2020.3.11f1/Editor/Data/PlaybackEngines/WebGLSupport/UnityEditor.WebGL.Extensions.dll
Register platform support module: C:/Program Files/UnityProjects/2020.3.11f1/Editor/Data/PlaybackEngines/WindowsStandaloneSupport/UnityEditor.WindowsStandalone.Extensions.dll
Registered in 0.002025 seconds.
Native extension for WindowsStandalone target not found
Native extension for WebGL target not found
Refreshing native plugins compatible for Editor in 71.19 ms, found 3 plugins.
Preloading 0 native plugins for Editor in 0.00 ms.
Mono: successfully reloaded assembly
- Completed reload, in  1.094 seconds
Platform modules already initialized, skipping
Registering precompiled user dll's ...
Registered in 0.004788 seconds.
Begin MonoManager ReloadAssembly
Native extension for WindowsStandalone target not found
Native extension for WebGL target not found
Refreshing native plugins compatible for Editor in 57.58 ms, found 3 plugins.
Preloading 0 native plugins for Editor in 0.00 ms.
Mono: successfully reloaded assembly
- Completed reload, in  1.182 seconds
Platform modules already initialized, skipping
========================================================================
Worker process is ready to serve import requests
Shader 'Universal Render Pipeline/Particles/Lit': fallback shader 'Universal Render Pipeline/Particles/SimpleLit' not found
Launched and connected shader compiler UnityShaderCompiler.exe after 0.04 seconds
Refreshing native plugins compatible for Editor in 1.00 ms, found 3 plugins.
Preloading 0 native plugins for Editor in 0.00 ms.
Unloading 3377 Unused Serialized files (Serialized files now loaded: 0)
System memory in use before: 144.9 MB.
System memory in use after: 145.1 MB.

Unloading 30 unused Assets to reduce memory usage. Loaded Objects now: 3816.
Total: 3.547900 ms (FindLiveObjects: 0.422000 ms CreateObjectMapping: 0.081600 ms MarkObjects: 2.939800 ms  DeleteObjects: 0.103100 ms)

========================================================================
Received Import Request.
  path: Assets/NewShaderVariants.shadervariants
  artifactKey: Guid(7ab7b9e6fd2f9cb4992782bba8a7e63b) Importer(815301076,1909f56bfc062723c751e8b465ee728b)
Start importing Assets/NewShaderVariants.shadervariants using Guid(7ab7b9e6fd2f9cb4992782bba8a7e63b) Importer(815301076,1909f56bfc062723c751e8b465ee728b)  -> (artifact id: '0c77fcde7edbffd64a502135ef9a0a32') in 0.034020 seconds
  Import took 0.040225 seconds .

========================================================================
Received Import Request.
  Time since last request: 185.070549 seconds.
  path: Packages/com.unity.render-pipelines.universal/Runtime/Data/ForwardRendererData.asset
  artifactKey: Guid(618d298269e66c542b306de85db1faea) Importer(815301076,1909f56bfc062723c751e8b465ee728b)
Start importing Packages/com.unity.render-pipelines.universal/Runtime/Data/ForwardRendererData.asset using Guid(618d298269e66c542b306de85db1faea) Importer(815301076,1909f56bfc062723c751e8b465ee728b)  -> (artifact id: 'ba6563331242536b348e8d1760ef2d3a') in 0.006077 seconds
  Import took 0.011603 seconds .

========================================================================
Received Import Request.
  Time since last request: 0.000293 seconds.
  path: Packages/com.unity.render-pipelines.universal/Runtime/Data/PostProcessData.asset
  artifactKey: Guid(41439944d30ece34e96484bdb6645b55) Importer(815301076,1909f56bfc062723c751e8b465ee728b)
Start importing Packages/com.unity.render-pipelines.universal/Runtime/Data/PostProcessData.asset using Guid(41439944d30ece34e96484bdb6645b55) Importer(815301076,1909f56bfc062723c751e8b465ee728b)  -> (artifact id: '3ded7844f6686c5a7b8c54a75d3ee982') in 0.003566 seconds
  Import took 0.009968 seconds .

========================================================================
Received Import Request.
  Time since last request: 0.000240 seconds.
  path: Packages/com.unity.render-pipelines.universal/Runtime/Data/UniversalRenderPipelineEditorResources.asset
  artifactKey: Guid(a3d8d823eedde654bb4c11a1cfaf1abb) Importer(815301076,1909f56bfc062723c751e8b465ee728b)
Start importing Packages/com.unity.render-pipelines.universal/Runtime/Data/UniversalRenderPipelineEditorResources.asset using Guid(a3d8d823eedde654bb4c11a1cfaf1abb) Importer(815301076,1909f56bfc062723c751e8b465ee728b)  -> (artifact id: '205341ce0ae3bced2075194aafcf57dc') in 0.013114 seconds
  Import took 0.019367 seconds .

========================================================================
Received Import Request.
  Time since last request: 0.000274 seconds.
  path: Packages/com.unity.render-pipelines.universal/Runtime/Data/XRSystemData.asset
  artifactKey: Guid(60e1133243b97e347b653163a8c01b64) Importer(815301076,1909f56bfc062723c751e8b465ee728b)
Start importing Packages/com.unity.render-pipelines.universal/Runtime/Data/XRSystemData.asset using Guid(60e1133243b97e347b653163a8c01b64) Importer(815301076,1909f56bfc062723c751e8b465ee728b)  -> (artifact id: 'cb18bec7d5d247047adb11ec91f679f1') in 0.019061 seconds
  Import took 0.024497 seconds .

========================================================================
Received Import Request.
  Time since last request: 5.362627 seconds.
  path: Packages/com.unity.render-pipelines.universal/package.json
  artifactKey: Guid(30648b8d550465f4bb77f1e1afd0b37d) Importer(815301076,1909f56bfc062723c751e8b465ee728b)
Start importing Packages/com.unity.render-pipelines.universal/package.json using Guid(30648b8d550465f4bb77f1e1afd0b37d) Importer(815301076,1909f56bfc062723c751e8b465ee728b)  -> (artifact id: '5e759874706364fd540bac8cbe4c4ab1') in 0.003910 seconds
  Import took 0.009544 seconds .

========================================================================
Received Prepare
Registering precompiled user dll's ...
Registered in 0.004902 seconds.
Begin MonoManager ReloadAssembly
Native extension for WindowsStandalone target not found
Native extension for WebGL target not found
Refreshing native plugins compatible for Editor in 61.68 ms, found 3 plugins.
Preloading 0 native plugins for Editor in 0.00 ms.
Mono: successfully reloaded assembly
- Completed reload, in  1.049 seconds
Platform modules already initialized, skipping
Shader 'Universal Render Pipeline/Particles/Lit': fallback shader 'Universal Render Pipeline/Particles/SimpleLit' not found
Refreshing native plugins compatible for Editor in 0.54 ms, found 3 plugins.
Preloading 0 native plugins for Editor in 0.00 ms.
Unloading 2224 Unused Serialized files (Serialized files now loaded: 0)
System memory in use before: 116.6 MB.
System memory in use after: 116.8 MB.

Unloading 65 unused Assets to reduce memory usage. Loaded Objects now: 3774.
Total: 2.713500 ms (FindLiveObjects: 0.402400 ms CreateObjectMapping: 0.080400 ms MarkObjects: 1.971500 ms  DeleteObjects: 0.257900 ms)

========================================================================
Received Prepare
Switching render pipeline 764cf3f12b5d4d34d81135ecd296bce8 -> 00000000000000000000000000000000
Shader 'Universal Render Pipeline/Particles/Lit': fallback shader 'Universal Render Pipeline/Particles/SimpleLit' not found
Refreshing native plugins compatible for Editor in 4.81 ms, found 3 plugins.
Preloading 0 native plugins for Editor in 0.00 ms.
Unloading 15 Unused Serialized files (Serialized files now loaded: 0)
System memory in use before: 72.9 MB.
System memory in use after: 73.1 MB.

Unloading 15 unused Assets to reduce memory usage. Loaded Objects now: 3773.
Total: 2.232700 ms (FindLiveObjects: 0.347600 ms CreateObjectMapping: 0.079200 ms MarkObjects: 1.770300 ms  DeleteObjects: 0.034500 ms)

========================================================================
Received Prepare
Registering precompiled user dll's ...
Registered in 0.004717 seconds.
Begin MonoManager ReloadAssembly
Native extension for WindowsStandalone target not found
Native extension for WebGL target not found
Refreshing native plugins compatible for Editor in 54.15 ms, found 3 plugins.
Preloading 0 native plugins for Editor in 0.00 ms.
Mono: successfully reloaded assembly
- Completed reload, in  1.036 seconds
Platform modules already initialized, skipping
Shader 'Universal Render Pipeline/Particles/Lit': fallback shader 'Universal Render Pipeline/Particles/SimpleLit' not found
Refreshing native plugins compatible for Editor in 0.68 ms, found 3 plugins.
Preloading 0 native plugins for Editor in 0.00 ms.
Unloading 3263 Unused Serialized files (Serialized files now loaded: 0)
System memory in use before: 138.0 MB.
System memory in use after: 138.3 MB.

Unloading 19 unused Assets to reduce memory usage. Loaded Objects now: 3776.
Total: 2.668000 ms (FindLiveObjects: 0.439600 ms CreateObjectMapping: 0.086600 ms MarkObjects: 2.114100 ms  DeleteObjects: 0.026100 ms)

========================================================================
Received Import Request.
  Time since last request: 321.845711 seconds.
  path: Assets/URPRenderer.asset
  artifactKey: Guid(c8d1e69eebb87b84f8313bc3c9009cd7) Importer(815301076,1909f56bfc062723c751e8b465ee728b)
Start importing Assets/URPRenderer.asset using Guid(c8d1e69eebb87b84f8313bc3c9009cd7) Importer(815301076,1909f56bfc062723c751e8b465ee728b)  -> (artifact id: 'de37981741189b212362ed739edeb776') in 0.054061 seconds
  Import took 0.060423 seconds .

========================================================================
Received Import Request.
  Time since last request: 16.218950 seconds.
  path: Assets/URPAsset.asset
  artifactKey: Guid(7e3144cf60dcfcd439f936e10fe69ff7) Importer(815301076,1909f56bfc062723c751e8b465ee728b)
Start importing Assets/URPAsset.asset using Guid(7e3144cf60dcfcd439f936e10fe69ff7) Importer(815301076,1909f56bfc062723c751e8b465ee728b)  -> (artifact id: '15916e2ba9e362ee400a3e9519b9ae30') in 0.026215 seconds
  Import took 0.032051 seconds .

========================================================================
Received Import Request.
  Time since last request: 0.000206 seconds.
  path: Assets/URPAsset_Renderer.asset
  artifactKey: Guid(e495405e7a39a6748b57a934cfefc780) Importer(815301076,1909f56bfc062723c751e8b465ee728b)
Start importing Assets/URPAsset_Renderer.asset using Guid(e495405e7a39a6748b57a934cfefc780) Importer(815301076,1909f56bfc062723c751e8b465ee728b)  -> (artifact id: 'dacba13e5eeec3ac9e7de37f8cf10c80') in 0.020484 seconds
  Import took 0.026169 seconds .

========================================================================
Received Prepare
Shader 'Universal Render Pipeline/Particles/Lit': fallback shader 'Universal Render Pipeline/Particles/SimpleLit' not found
Refreshing native plugins compatible for Editor in 4.42 ms, found 3 plugins.
Preloading 0 native plugins for Editor in 0.00 ms.
Unloading 64 Unused Serialized files (Serialized files now loaded: 0)
System memory in use before: 75.7 MB.
System memory in use after: 75.9 MB.

Unloading 15 unused Assets to reduce memory usage. Loaded Objects now: 3824.
Total: 3.316400 ms (FindLiveObjects: 0.395800 ms CreateObjectMapping: 0.078500 ms MarkObjects: 2.820200 ms  DeleteObjects: 0.021200 ms)

========================================================================
Received Import Request.
  Time since last request: 36.493269 seconds.
  path: Assets/URPAsset_Renderer.asset
  artifactKey: Guid(e495405e7a39a6748b57a934cfefc780) Importer(815301076,1909f56bfc062723c751e8b465ee728b)
Start importing Assets/URPAsset_Renderer.asset using Guid(e495405e7a39a6748b57a934cfefc780) Importer(815301076,1909f56bfc062723c751e8b465ee728b)  -> (artifact id: '663e0b16b66c7d3136ef925378d8bcf7') in 0.007278 seconds
  Import took 0.012530 seconds .

========================================================================
Received Import Request.
  Time since last request: 0.000201 seconds.
  path: Assets/URPRenderer.asset
  artifactKey: Guid(c8d1e69eebb87b84f8313bc3c9009cd7) Importer(815301076,1909f56bfc062723c751e8b465ee728b)
Start importing Assets/URPRenderer.asset using Guid(c8d1e69eebb87b84f8313bc3c9009cd7) Importer(815301076,1909f56bfc062723c751e8b465ee728b)  -> (artifact id: 'd5b074a12b632b819fbd118b5b9f4906') in 0.004243 seconds
  Import took 0.009825 seconds .

========================================================================
Received Import Request.
  Time since last request: 0.000305 seconds.
  path: Assets/URPAsset.asset
  artifactKey: Guid(7e3144cf60dcfcd439f936e10fe69ff7) Importer(815301076,1909f56bfc062723c751e8b465ee728b)
Start importing Assets/URPAsset.asset using Guid(7e3144cf60dcfcd439f936e10fe69ff7) Importer(815301076,1909f56bfc062723c751e8b465ee728b)  -> (artifact id: 'c28aea2ef01877f0e27c8ef5dbd940a3') in 0.004358 seconds
  Import took 0.010149 seconds .

========================================================================
Received Prepare
Registering precompiled user dll's ...
Registered in 0.004829 seconds.
Begin MonoManager ReloadAssembly
Native extension for WindowsStandalone target not found
Native extension for WebGL target not found
Refreshing native plugins compatible for Editor in 0.72 ms, found 3 plugins.
Preloading 0 native plugins for Editor in 0.00 ms.
Mono: successfully reloaded assembly
- Completed reload, in  0.995 seconds
Platform modules already initialized, skipping
Shader 'Universal Render Pipeline/Particles/Lit': fallback shader 'Universal Render Pipeline/Particles/SimpleLit' not found
Refreshing native plugins compatible for Editor in 1.09 ms, found 3 plugins.
Preloading 0 native plugins for Editor in 0.00 ms.
Unloading 3265 Unused Serialized files (Serialized files now loaded: 0)
System memory in use before: 138.3 MB.
System memory in use after: 138.6 MB.

Unloading 19 unused Assets to reduce memory usage. Loaded Objects now: 3829.
Total: 3.194600 ms (FindLiveObjects: 0.367800 ms CreateObjectMapping: 0.085300 ms MarkObjects: 2.714000 ms  DeleteObjects: 0.025000 ms)

========================================================================
Received Import Request.
  Time since last request: 239.988358 seconds.
  path: Assets/New 2D Renderer Data.asset
  artifactKey: Guid(8b98053319befb742bf1952920f86320) Importer(815301076,1909f56bfc062723c751e8b465ee728b)
Start importing Assets/New 2D Renderer Data.asset using Guid(8b98053319befb742bf1952920f86320) Importer(815301076,1909f56bfc062723c751e8b465ee728b)  -> (artifact id: 'c5d20c6dddce9c923ecdf55dae0b88b0') in 0.023856 seconds
  Import took 0.029565 seconds .

========================================================================
Received Prepare
Registering precompiled user dll's ...
Registered in 0.004241 seconds.
Begin MonoManager ReloadAssembly
Native extension for WindowsStandalone target not found
Native extension for WebGL target not found
Refreshing native plugins compatible for Editor in 0.71 ms, found 3 plugins.
Preloading 0 native plugins for Editor in 0.00 ms.
Mono: successfully reloaded assembly
- Completed reload, in  0.961 seconds
Platform modules already initialized, skipping
Shader 'Universal Render Pipeline/Particles/Lit': fallback shader 'Universal Render Pipeline/Particles/SimpleLit' not found
Refreshing native plugins compatible for Editor in 0.72 ms, found 3 plugins.
Preloading 0 native plugins for Editor in 0.00 ms.
Unloading 3263 Unused Serialized files (Serialized files now loaded: 0)
System memory in use before: 138.3 MB.
System memory in use after: 138.6 MB.

Unloading 19 unused Assets to reduce memory usage. Loaded Objects now: 3832.
Total: 2.659800 ms (FindLiveObjects: 0.390000 ms CreateObjectMapping: 0.083700 ms MarkObjects: 2.165400 ms  DeleteObjects: 0.019200 ms)

AssetImportParameters requested are different than current active one (requested -> active):
  custom:srp/default-shader: 0000e00a000e0de00000e000e02d0000 -> 0000e00a000e0de00000e000e0000000
========================================================================
Received Import Request.
  Time since last request: 58.794161 seconds.
  path: Assets/URPAsset.asset
  artifactKey: Guid(7e3144cf60dcfcd439f936e10fe69ff7) Importer(815301076,1909f56bfc062723c751e8b465ee728b)
Start importing Assets/URPAsset.asset using Guid(7e3144cf60dcfcd439f936e10fe69ff7) Importer(815301076,1909f56bfc062723c751e8b465ee728b)  -> (artifact id: '583db913d42b5ed024fc07c6d3eda3b6') in 0.021637 seconds
  Import took 0.027370 seconds .

